{"level":"info","time":"2025-03-26T21:00:45.827+0800","caller":"logger/logger.go:72","msg":"User service running","addr":":8081"}
{"level":"info","time":"2025-03-26T21:01:00.605+0800","caller":"logger/logger.go:72","msg":"Login attempt","username":"test_user"}
{"level":"info","time":"2025-03-26T21:01:00.608+0800","caller":"logger/logger.go:72","msg":"Login successful","username":"test_user"}
{"level":"info","time":"2025-03-26T21:35:55.464+0800","caller":"logger/logger.go:72","msg":"User service running","addr":":8081"}
{"level":"info","time":"2025-03-26T21:36:14.888+0800","caller":"logger/logger.go:72","msg":"User service running","addr":":8081"}
{"level":"info","time":"2025-03-26T21:36:21.955+0800","caller":"logger/logger.go:72","msg":"Login attempt","username":"test_user"}
{"level":"info","time":"2025-03-26T21:36:21.957+0800","caller":"logger/logger.go:72","msg":"Login successful","username":"test_user"}
{"level":"info","time":"2025-03-27T14:28:41.738+0800","caller":"logger/logger.go:72","msg":"User service running","addr":":8081"}
{"level":"info","time":"2025-03-27T14:29:06.885+0800","caller":"logger/logger.go:72","msg":"Login attempt","username":"微服务test2"}
{"level":"info","time":"2025-03-27T14:29:06.888+0800","caller":"logger/logger.go:72","msg":"Login successful","username":"微服务test2"}
{"level":"info","time":"2025-03-27T14:31:51.915+0800","caller":"logger/logger.go:72","msg":"RefreshToken request received","trace_id":""}
{"level":"info","time":"2025-03-27T14:31:51.915+0800","caller":"logger/logger.go:72","msg":"RefreshToken attempt","access_token":"eyJhbGciOiJIUzI1NiIsInR5cCI6IkpXVCJ9.eyJ1c2VyX2lkIjoxNjMxNzE3NzU1Nzg5MDI1MjgsInVzZXJuYW1lIjoi5b6u5pyN5YqhdGVzdDIiLCJleHAiOjE4Mjk0NTY5NDYsImlzcyI6ImJsdWViZWxsLXBsdXMifQ.KZZ-6fa0f3hWxG8mbogWDlxKybwsiXLUFkxlZVeYvuI"}
{"level":"info","time":"2025-03-27T14:36:27.246+0800","caller":"logger/logger.go:72","msg":"User service running","addr":":8081"}
{"level":"info","time":"2025-03-27T14:36:39.266+0800","caller":"logger/logger.go:72","msg":"RefreshToken request received","trace_id":""}
{"level":"info","time":"2025-03-27T14:36:39.266+0800","caller":"logger/logger.go:72","msg":"RefreshToken attempt","access_token":"eyJhbGciOiJIUzI1NiIsInR5cCI6IkpXVCJ9.eyJ1c2VyX2lkIjoxNjMxNzE3NzU1Nzg5MDI1MjgsInVzZXJuYW1lIjoi5b6u5pyN5YqhdGVzdDIiLCJleHAiOjE4Mjk0NTY5NDYsImlzcyI6ImJsdWViZWxsLXBsdXMifQ.KZZ-6fa0f3hWxG8mbogWDlxKybwsiXLUFkxlZVeYvuI"}
{"level":"info","time":"2025-03-27T14:40:52.160+0800","caller":"logger/logger.go:72","msg":"User service running","addr":":8081"}
{"level":"info","time":"2025-03-27T14:41:28.712+0800","caller":"logger/logger.go:72","msg":"RefreshToken request received","trace_id":""}
{"level":"info","time":"2025-03-27T14:41:28.713+0800","caller":"logger/logger.go:72","msg":"RefreshToken attempt","access_token":"eyJhbGciOiJIUzI1NiIsInR5cCI6IkpXVCJ9.eyJ1c2VyX2lkIjoxNjMxNzE3NzU1Nzg5MDI1MjgsInVzZXJuYW1lIjoi5b6u5pyN5YqhdGVzdDIiLCJleHAiOjE4Mjk0NTY5NDYsImlzcyI6ImJsdWViZWxsLXBsdXMifQ.KZZ-6fa0f3hWxG8mbogWDlxKybwsiXLUFkxlZVeYvuI"}
{"level":"info","time":"2025-03-27T14:42:35.682+0800","caller":"logger/logger.go:72","msg":"User service running","addr":":8081"}
{"level":"info","time":"2025-03-27T14:42:46.613+0800","caller":"logger/logger.go:72","msg":"RefreshToken request received","trace_id":""}
{"level":"info","time":"2025-03-27T14:42:46.613+0800","caller":"logger/logger.go:72","msg":"RefreshToken attempt","trace_id":"","access_token":"eyJhbGciOiJIUzI1NiIsInR5cCI6IkpXVCJ9.eyJ1c2VyX2lkIjoxNjMxNzE3NzU1Nzg5MDI1MjgsInVzZXJuYW1lIjoi5b6u5pyN5YqhdGVzdDIiLCJleHAiOjE4Mjk0NTY5NDYsImlzcyI6ImJsdWViZWxsLXBsdXMifQ.KZZ-6fa0f3hWxG8mbogWDlxKybwsiXLUFkxlZVeYvuI","refresh_token":"eyJhbGciOiJIUzI1NiIsInR5cCI6IkpXVCJ9.eyJleHAiOjE4Mjk0NTY5NDYsImlzcyI6ImJsdWViZWxsLXBsdXMifQ.TJAA-iLNsAdH9E5eD96PK7UUEEaCVBW_Q_P7a1_YHCM"}
{"level":"info","time":"2025-03-27T14:47:42.070+0800","caller":"logger/logger.go:72","msg":"User service running","addr":":8081"}
{"level":"info","time":"2025-03-27T14:47:50.336+0800","caller":"logger/logger.go:72","msg":"RefreshToken request received","trace_id":""}
{"level":"info","time":"2025-03-27T14:47:50.336+0800","caller":"logger/logger.go:72","msg":"RefreshToken attempt","trace_id":"","access_token":"eyJhbGciOiJIUzI1NiIsInR5cCI6IkpXVCJ9.eyJ1c2VyX2lkIjoxNjMxNzE3NzU1Nzg5MDI1MjgsInVzZXJuYW1lIjoi5b6u5pyN5YqhdGVzdDIiLCJleHAiOjE4Mjk0NTY5NDYsImlzcyI6ImJsdWViZWxsLXBsdXMifQ.KZZ-6fa0f3hWxG8mbogWDlxKybwsiXLUFkxlZVeYvuI","refresh_token":"eyJhbGciOiJIUzI1NiIsInR5cCI6IkpXVCJ9.eyJleHAiOjE4Mjk0NTY5NDYsImlzcyI6ImJsdWViZWxsLXBsdXMifQ.TJAA-iLNsAdH9E5eD96PK7UUEEaCVBW_Q_P7a1_YHCM"}
{"level":"info","time":"2025-03-27T14:48:15.867+0800","caller":"logger/logger.go:72","msg":"User service running","addr":":8081"}
{"level":"info","time":"2025-03-27T14:49:25.193+0800","caller":"logger/logger.go:72","msg":"RefreshToken request received","trace_id":""}
{"level":"info","time":"2025-03-27T14:49:25.194+0800","caller":"logger/logger.go:72","msg":"RefreshToken attempt","trace_id":"","access_token":"eyJhbGciOiJIUzI1NiIsInR5cCI6IkpXVCJ9.eyJ1c2VyX2lkIjoxNjMxNzE3NzU1Nzg5MDI1MjgsInVzZXJuYW1lIjoi5b6u5pyN5YqhdGVzdDIiLCJleHAiOjE4Mjk0NTY5NDYsImlzcyI6ImJsdWViZWxsLXBsdXMifQ.KZZ-6fa0f3hWxG8mbogWDlxKybwsiXLUFkxlZVeYvuI","refresh_token":"eyJhbGciOiJIUzI1NiIsInR5cCI6IkpXVCJ9.eyJleHAiOjE4Mjk0NTY5NDYsImlzcyI6ImJsdWViZWxsLXBsdXMifQ.TJAA-iLNsAdH9E5eD96PK7UUEEaCVBW_Q_P7a1_YHCM"}
{"level":"warn","time":"2025-03-27T14:49:25.194+0800","caller":"logger/logger.go:77","msg":"Failed to refresh token","error":"access token is still valid, no need to refresh"}
{"level":"info","time":"2025-03-30T01:32:01.365+0800","caller":"logger/logger.go:72","msg":"User service running","addr":":8081"}
{"level":"info","time":"2025-03-30T13:57:43.757+0800","caller":"logger/logger.go:72","msg":"User service running","addr":":8081"}
{"level":"info","time":"2025-03-30T14:00:07.259+0800","caller":"logger/logger.go:72","msg":"Login attempt","username":"微服务test2"}
{"level":"info","time":"2025-03-30T14:00:07.262+0800","caller":"logger/logger.go:72","msg":"Login successful","username":"微服务test2"}
{"level":"info","time":"2025-03-30T14:31:51.729+0800","caller":"logger/logger.go:72","msg":"User service running","addr":":8081"}
{"level":"info","time":"2025-03-30T21:21:37.698+0800","caller":"logger/logger.go:72","msg":"User service running","addr":":8081"}
{"level":"info","time":"2025-03-30T21:40:25.235+0800","caller":"logger/logger.go:72","msg":"User service running","addr":":8081"}
{"level":"info","time":"2025-03-30T21:43:47.236+0800","caller":"logger/logger.go:72","msg":"User service running","addr":":8081"}
{"level":"info","time":"2025-03-30T21:48:22.045+0800","caller":"logger/logger.go:72","msg":"User service running","addr":":8081"}
{"level":"info","time":"2025-03-30T21:52:03.337+0800","caller":"logger/logger.go:72","msg":"User service running","addr":":8081"}
{"level":"info","time":"2025-03-30T21:53:50.609+0800","caller":"logger/logger.go:72","msg":"Login attempt","username":"微服务test2"}
{"level":"info","time":"2025-03-30T21:53:50.612+0800","caller":"logger/logger.go:72","msg":"Login successful","username":"微服务test2"}
{"level":"info","time":"2025-03-30T23:41:24.644+0800","caller":"logger/logger.go:72","msg":"User service running","addr":":8081"}
{"level":"info","time":"2025-03-30T23:54:09.673+0800","caller":"logger/logger.go:72","msg":"User service running","addr":":8081"}
{"level":"info","time":"2025-03-31T00:06:32.140+0800","caller":"logger/logger.go:72","msg":"User service running","addr":":8081"}
{"level":"info","time":"2025-03-31T00:12:25.583+0800","caller":"logger/logger.go:72","msg":"User service running","addr":":8081"}
{"level":"info","time":"2025-03-31T00:15:59.027+0800","caller":"logger/logger.go:72","msg":"User service running","addr":":8081"}
{"level":"info","time":"2025-03-31T00:18:03.234+0800","caller":"logger/logger.go:72","msg":"User service running","addr":":8081"}
{"level":"info","time":"2025-03-31T00:19:40.328+0800","caller":"logger/logger.go:72","msg":"User service running","addr":":8081"}
{"level":"info","time":"2025-03-31T00:22:52.113+0800","caller":"logger/logger.go:72","msg":"User service running","addr":":8081"}
{"level":"info","time":"2025-03-31T00:24:54.245+0800","caller":"logger/logger.go:72","msg":"User service running","addr":":8081"}
{"level":"info","time":"2025-03-31T00:27:42.965+0800","caller":"logger/logger.go:72","msg":"User service running","addr":":8081"}
{"level":"info","time":"2025-03-31T00:32:39.756+0800","caller":"logger/logger.go:72","msg":"User service running","addr":":8081"}
{"level":"info","time":"2025-03-31T19:41:25.928+0800","caller":"logger/logger.go:72","msg":"User service running","addr":":8081"}
{"level":"info","time":"2025-03-31T19:45:04.159+0800","caller":"logger/logger.go:72","msg":"User service running","addr":":8081"}
{"level":"info","time":"2025-03-31T23:54:45.774+0800","caller":"logger/logger.go:72","msg":"User service running","addr":":8081"}
{"level":"info","time":"2025-03-31T23:59:19.276+0800","caller":"logger/logger.go:72","msg":"Login attempt","username":"微服务test2"}
{"level":"info","time":"2025-03-31T23:59:19.278+0800","caller":"logger/logger.go:72","msg":"Login successful","username":"微服务test2"}
{"level":"info","time":"2025-04-01T00:05:37.622+0800","caller":"logger/logger.go:72","msg":"Login attempt","username":"微服务test1"}
{"level":"info","time":"2025-04-01T00:05:37.624+0800","caller":"logger/logger.go:72","msg":"Login successful","username":"微服务test1"}
{"level":"error","time":"2025-04-02T16:39:03.045+0800","caller":"logger/logger.go:82","msg":"Failed to serve","error":"listen tcp :8081: bind: address already in use","stacktrace":"bluebell_microservices/common/pkg/logger.Error\n\t/Users/angelina/GO_Modules/bluebell-plus/bluebell_microservices/common/pkg/logger/logger.go:82\nmain.main\n\t/Users/angelina/GO_Modules/bluebell-plus/bluebell_microservices/user-service/cmd/server/main.go:49\nruntime.main\n\t/usr/local/go/src/runtime/proc.go:283"}
{"level":"error","time":"2025-04-02T16:39:16.144+0800","caller":"logger/logger.go:82","msg":"Failed to serve","error":"listen tcp :8081: bind: address already in use","stacktrace":"bluebell_microservices/common/pkg/logger.Error\n\t/Users/angelina/GO_Modules/bluebell-plus/bluebell_microservices/common/pkg/logger/logger.go:82\nmain.main\n\t/Users/angelina/GO_Modules/bluebell-plus/bluebell_microservices/user-service/cmd/server/main.go:49\nruntime.main\n\t/usr/local/go/src/runtime/proc.go:283"}
{"level":"info","time":"2025-04-02T16:40:21.145+0800","caller":"logger/logger.go:72","msg":"User service running","addr":":8081"}
{"level":"info","time":"2025-04-02T16:42:47.879+0800","caller":"logger/logger.go:72","msg":"Login attempt","username":"微服务test1"}
{"level":"info","time":"2025-04-02T16:42:47.883+0800","caller":"logger/logger.go:72","msg":"Login successful","username":"微服务test1"}
{"level":"info","time":"2025-04-02T17:02:38.942+0800","caller":"logger/logger.go:72","msg":"User service running","addr":":8081"}
{"level":"info","time":"2025-04-04T14:39:57.516+0800","caller":"logger/logger.go:72","msg":"User service running","addr":":8081"}
{"level":"info","time":"2025-04-04T14:50:36.981+0800","caller":"logger/logger.go:72","msg":"User service running","addr":":8081"}
{"level":"info","time":"2025-04-04T14:53:53.878+0800","caller":"logger/logger.go:72","msg":"User service running","addr":":8081"}
{"level":"info","time":"2025-04-04T15:02:57.383+0800","caller":"logger/logger.go:72","msg":"User service running","addr":":8081"}
{"level":"info","time":"2025-04-04T15:14:17.404+0800","caller":"logger/logger.go:72","msg":"User service running","addr":":8081"}
{"level":"info","time":"2025-04-04T15:25:35.209+0800","caller":"logger/logger.go:72","msg":"User service running","addr":":8081"}
{"level":"info","time":"2025-04-04T15:26:15.708+0800","caller":"logger/logger.go:72","msg":"User service running","addr":":8081"}
{"level":"info","time":"2025-04-04T15:30:17.675+0800","caller":"logger/logger.go:72","msg":"User service running","addr":":8081"}
{"level":"info","time":"2025-04-04T15:36:28.767+0800","caller":"logger/logger.go:72","msg":"User service running","addr":":8081"}
{"level":"info","time":"2025-04-04T15:39:39.842+0800","caller":"logger/logger.go:72","msg":"User service running","addr":":8081"}
{"level":"info","time":"2025-04-04T15:43:44.775+0800","caller":"logger/logger.go:72","msg":"User service running","addr":":8081"}
{"level":"info","time":"2025-04-04T15:47:11.084+0800","caller":"logger/logger.go:72","msg":"User service running","addr":":8081"}
{"level":"info","time":"2025-04-04T16:01:33.491+0800","caller":"logger/logger.go:72","msg":"User service running","addr":":8081"}
{"level":"info","time":"2025-04-04T16:01:57.724+0800","caller":"logger/logger.go:72","msg":"User service running","addr":":8081"}
